0 info it worked if it ends with ok
1 verbose cli [ 'D:\\Programs\\nodejs\\node.exe',
1 verbose cli   'C:\\Users\\serge\\AppData\\Roaming\\npm\\node_modules\\npm\\bin\\npm-cli.js',
1 verbose cli   'install' ]
2 info using npm@2.15.6
3 info using node@v4.4.5
4 verbose readDependencies loading dependencies from C:\Users\serge\Documents\GitHub\SemesterProject\package.json
5 error install Couldn't read dependencies
6 verbose stack Error: ENOENT: no such file or directory, open 'C:\Users\serge\Documents\GitHub\SemesterProject\package.json'
6 verbose stack     at Error (native)
7 verbose cwd C:\Users\serge\Documents\GitHub\SemesterProject
8 error Windows_NT 10.0.10586
9 error argv "D:\\Programs\\nodejs\\node.exe" "C:\\Users\\serge\\AppData\\Roaming\\npm\\node_modules\\npm\\bin\\npm-cli.js" "install"
10 error node v4.4.5
11 error npm  v2.15.6
12 error path C:\Users\serge\Documents\GitHub\SemesterProject\package.json
13 error code ENOPACKAGEJSON
14 error errno -4058
15 error syscall open
16 error package.json ENOENT: no such file or directory, open 'C:\Users\serge\Documents\GitHub\SemesterProject\package.json'
16 error package.json This is most likely not a problem with npm itself.
16 error package.json npm can't find a package.json file in your current directory.
17 verbose exit [ -4058, true ]
